<?xml version="1.0" encoding="UTF-8"?>
<!-- Generated by org.testng.reporters.JUnitReportReporter -->
<testsuite hostname="DESKTOP-GCV6TKI" failures="0" tests="1" name="com.exceptionalcasesinstitution.endtoendtest.StuEndToEndTest" time="113.355" errors="0" timestamp="2021-08-13T09:59:16 IST" skipped="0">
  <testcase classname="com.exceptionalcasesinstitution.endtoendtest.StuEndToEndTest" name="ApplicationExceptionalCaseTest" time="113.355"/>
  <system-out/>
</testsuite> <!-- com.exceptionalcasesinstitution.endtoendtest.StuEndToEndTest -->
