<?xml version="1.0" encoding="UTF-8"?>
<!-- Generated by org.testng.reporters.JUnitReportReporter -->
<testsuite hostname="LAPTOP-VL28O11O" failures="0" tests="1" name="com.exceptionalcasesinstitution.endtoendtest.EndToEndTest" time="572.141" errors="0" timestamp="2021-08-10T11:33:44 IST" skipped="0">
  <testcase classname="com.exceptionalcasesinstitution.endtoendtest.EndToEndTest" name="ExceptionalCaseTest" time="572.141"/>
  <system-out/>
</testsuite> <!-- com.exceptionalcasesinstitution.endtoendtest.EndToEndTest -->
