<?xml version="1.0" encoding="UTF-8"?>
<!-- Generated by org.testng.reporters.JUnitReportReporter -->
<testsuite hostname="LAPTOP-VL28O11O" failures="0" tests="1" name="com.exceptionalcasesinstitution.endtoendtest.AppEndToEndTest" time="1738.454" errors="0" timestamp="2021-08-10T17:26:34 IST" skipped="0">
  <testcase classname="com.exceptionalcasesinstitution.endtoendtest.AppEndToEndTest" name="ApplicationExceptionalCaseTest" time="1738.454"/>
  <system-out/>
</testsuite> <!-- com.exceptionalcasesinstitution.endtoendtest.AppEndToEndTest -->
